# JRE version: OpenJDK Runtime Environment (17.0.7) (build 17.0.7+0-b2043.56-10550314)
# Java VM: OpenJDK 64-Bit Server VM (17.0.7+0-b2043.56-10550314, mixed mode, tiered, compressed oops, compressed class ptrs, g1 gc, windows-amd64)
GC Precious Log:
 CPUs: 8 total, 8 available
 Memory: 7959M
 Large Page Support: Disabled
 NUMA Support: Disabled
 Compressed Oops: Enabled (32-bit)
 Heap Region Size: 1M
 Heap Min Capacity: 8M
 Heap Initial Capacity: 126M
 Heap Max Capacity: 2G
 Pre-touch: Disabled
 Parallel Workers: 8
 Concurrent Workers: 2
 Concurrent Refinement Workers: 8
 Periodic GC: Disabled
Heap:
 garbage-first heap   total 152576K, used 99175K [0x0000000080000000, 0x0000000100000000)
  region size 1024K, 3 young (3072K), 3 survivors (3072K)
 Metaspace       used 78680K, committed 79360K, reserved 1179648K
  class space    used 10563K, committed 10880K, reserved 1048576K
GC Heap History (20 events):
Event: 11.546 GC heap after
{Heap after GC invocations=27 (full 0):
 garbage-first heap   total 114688K, used 67502K [0x0000000080000000, 0x0000000100000000)
  region size 1024K, 1 young (1024K), 1 survivors (1024K)
 Metaspace       used 56329K, committed 56896K, reserved 1114112K
  class space    used 7945K, committed 8192K, reserved 1048576K
}
Event: 12.152 GC heap before
{Heap before GC invocations=27 (full 0):
 garbage-first heap   total 114688K, used 94126K [0x0000000080000000, 0x0000000100000000)
  region size 1024K, 27 young (27648K), 1 survivors (1024K)
 Metaspace       used 59414K, committed 60032K, reserved 1114112K
  class space    used 8365K, committed 8640K, reserved 1048576K
}
Event: 12.155 GC heap after
{Heap after GC invocations=28 (full 0):
 garbage-first heap   total 114688K, used 68587K [0x0000000080000000, 0x0000000100000000)
  region size 1024K, 2 young (2048K), 2 survivors (2048K)
 Metaspace       used 59414K, committed 60032K, reserved 1114112K
  class space    used 8365K, committed 8640K, reserved 1048576K
}
Event: 12.557 GC heap before
{Heap before GC invocations=29 (full 0):
 garbage-first heap   total 117760K, used 99307K [0x0000000080000000, 0x0000000100000000)
  region size 1024K, 28 young (28672K), 2 survivors (2048K)
 Metaspace       used 62853K, committed 63488K, reserved 1114112K
  class space    used 8780K, committed 9024K, reserved 1048576K
}
Event: 12.560 GC heap after
{Heap after GC invocations=30 (full 0):
 garbage-first heap   total 117760K, used 76509K [0x0000000080000000, 0x0000000100000000)
  region size 1024K, 4 young (4096K), 4 survivors (4096K)
 Metaspace       used 62853K, committed 63488K, reserved 1114112K
  class space    used 8780K, committed 9024K, reserved 1048576K
}
Event: 12.565 GC heap before
{Heap before GC invocations=30 (full 0):
 garbage-first heap   total 117760K, used 77533K [0x0000000080000000, 0x0000000100000000)
  region size 1024K, 5 young (5120K), 4 survivors (4096K)
 Metaspace       used 62853K, committed 63488K, reserved 1114112K
  class space    used 8780K, committed 9024K, reserved 1048576K
}
Event: 12.569 GC heap after
{Heap after GC invocations=31 (full 0):
 garbage-first heap   total 141312K, used 77083K [0x0000000080000000, 0x0000000100000000)
  region size 1024K, 1 young (1024K), 1 survivors (1024K)
 Metaspace       used 62853K, committed 63488K, reserved 1114112K
  class space    used 8780K, committed 9024K, reserved 1048576K
}
Event: 13.169 GC heap before
{Heap before GC invocations=31 (full 0):
 garbage-first heap   total 141312K, used 114971K [0x0000000080000000, 0x0000000100000000)
  region size 1024K, 38 young (38912K), 1 survivors (1024K)
 Metaspace       used 68768K, committed 69376K, reserved 1114112K
  class space    used 9529K, committed 9792K, reserved 1048576K
}
Event: 13.172 GC heap after
{Heap after GC invocations=32 (full 0):
 garbage-first heap   total 141312K, used 79069K [0x0000000080000000, 0x0000000100000000)
  region size 1024K, 3 young (3072K), 3 survivors (3072K)
 Metaspace       used 68768K, committed 69376K, reserved 1114112K
  class space    used 9529K, committed 9792K, reserved 1048576K
}
Event: 13.451 GC heap before
{Heap before GC invocations=33 (full 0):
 garbage-first heap   total 141312K, used 123101K [0x0000000080000000, 0x0000000100000000)
  region size 1024K, 39 young (39936K), 3 survivors (3072K)
 Metaspace       used 69458K, committed 70144K, reserved 1114112K
  class space    used 9610K, committed 9920K, reserved 1048576K
}
Event: 13.463 GC heap after
{Heap after GC invocations=34 (full 0):
 garbage-first heap   total 141312K, used 88858K [0x0000000080000000, 0x0000000100000000)
  region size 1024K, 5 young (5120K), 5 survivors (5120K)
 Metaspace       used 69458K, committed 70144K, reserved 1114112K
  class space    used 9610K, committed 9920K, reserved 1048576K
}
Event: 13.472 GC heap before
{Heap before GC invocations=34 (full 0):
 garbage-first heap   total 141312K, used 89882K [0x0000000080000000, 0x0000000100000000)
  region size 1024K, 6 young (6144K), 5 survivors (5120K)
 Metaspace       used 69482K, committed 70144K, reserved 1114112K
  class space    used 9610K, committed 9920K, reserved 1048576K
}
Event: 13.477 GC heap after
{Heap after GC invocations=35 (full 0):
 garbage-first heap   total 141312K, used 89010K [0x0000000080000000, 0x0000000100000000)
  region size 1024K, 1 young (1024K), 1 survivors (1024K)
 Metaspace       used 69482K, committed 70144K, reserved 1114112K
  class space    used 9610K, committed 9920K, reserved 1048576K
}
Event: 13.792 GC heap before
{Heap before GC invocations=35 (full 0):
 garbage-first heap   total 141312K, used 113586K [0x0000000080000000, 0x0000000100000000)
  region size 1024K, 25 young (25600K), 1 survivors (1024K)
 Metaspace       used 72276K, committed 72960K, reserved 1114112K
  class space    used 9948K, committed 10304K, reserved 1048576K
}
Event: 13.796 GC heap after
{Heap after GC invocations=36 (full 0):
 garbage-first heap   total 141312K, used 89213K [0x0000000080000000, 0x0000000100000000)
  region size 1024K, 1 young (1024K), 1 survivors (1024K)
 Metaspace       used 72276K, committed 72960K, reserved 1114112K
  class space    used 9948K, committed 10304K, reserved 1048576K
}
Event: 14.192 GC heap before
{Heap before GC invocations=37 (full 0):
 garbage-first heap   total 152576K, used 121981K [0x0000000080000000, 0x0000000100000000)
  region size 1024K, 27 young (27648K), 1 survivors (1024K)
 Metaspace       used 74847K, committed 75520K, reserved 1114112K
  class space    used 10240K, committed 10560K, reserved 1048576K
}
Event: 14.195 GC heap after
{Heap after GC invocations=38 (full 0):
 garbage-first heap   total 152576K, used 97710K [0x0000000080000000, 0x0000000100000000)
  region size 1024K, 3 young (3072K), 3 survivors (3072K)
 Metaspace       used 74847K, committed 75520K, reserved 1114112K
  class space    used 10240K, committed 10560K, reserved 1048576K
}
Event: 14.241 GC heap before
{Heap before GC invocations=38 (full 0):
 garbage-first heap   total 152576K, used 100782K [0x0000000080000000, 0x0000000100000000)
  region size 1024K, 7 young (7168K), 3 survivors (3072K)
 Metaspace       used 75168K, committed 75904K, reserved 1114112K
  class space    used 10279K, committed 10624K, reserved 1048576K
}
Event: 14.244 GC heap after
{Heap after GC invocations=39 (full 0):
 garbage-first heap   total 152576K, used 97622K [0x0000000080000000, 0x0000000100000000)
  region size 1024K, 1 young (1024K), 1 survivors (1024K)
 Metaspace       used 75168K, committed 75904K, reserved 1114112K
  class space    used 10279K, committed 10624K, reserved 1048576K
}
Event: 14.560 GC heap before
{Heap before GC invocations=39 (full 0):
 garbage-first heap   total 152576K, used 125270K [0x0000000080000000, 0x0000000100000000)
  region size 1024K, 28 young (28672K), 1 survivors (1024K)
 Metaspace       used 78680K, committed 79360K, reserved 1179648K
  class space    used 10563K, committed 10880K, reserved 1048576K
}

